Using pre-set license
Built from '2021.3/staging' branch; Version is '2021.3.22f1 (b6c551784ba3) revision 11978065'; Using compiler version '192829333'; Build Type 'Release'
OS: 'Windows 11  (10.0.22621) 64bit Core' Language: 'en' Physical Memory: 16108 MB
BatchMode: 1, IsHumanControllingUs: 0, StartBugReporterOnCrash: 0, Is64bit: 1, IsPro: 1

COMMAND LINE ARGUMENTS:
C:\Program Files\Unity\Hub\Editor\2021.3.22f1\Editor\Unity.exe
-adb2
-batchMode
-noUpm
-name
AssetImportWorker6
-projectPath
C:/Users/shrey/My project
-logFile
Logs/AssetImportWorker6.log
-srvPort
64233
Successfully changed project path to: C:/Users/shrey/My project
C:/Users/shrey/My project
[UnityMemory] Configuration Parameters - Can be set up in boot.config
    "memorysetup-bucket-allocator-granularity=16"
    "memorysetup-bucket-allocator-bucket-count=8"
    "memorysetup-bucket-allocator-block-size=33554432"
    "memorysetup-bucket-allocator-block-count=8"
    "memorysetup-main-allocator-block-size=16777216"
    "memorysetup-thread-allocator-block-size=16777216"
    "memorysetup-gfx-main-allocator-block-size=16777216"
    "memorysetup-gfx-thread-allocator-block-size=16777216"
    "memorysetup-cache-allocator-block-size=4194304"
    "memorysetup-typetree-allocator-block-size=2097152"
    "memorysetup-profiler-bucket-allocator-granularity=16"
    "memorysetup-profiler-bucket-allocator-bucket-count=8"
    "memorysetup-profiler-bucket-allocator-block-size=33554432"
    "memorysetup-profiler-bucket-allocator-block-count=8"
    "memorysetup-profiler-allocator-block-size=16777216"
    "memorysetup-profiler-editor-allocator-block-size=1048576"
    "memorysetup-temp-allocator-size-main=16777216"
    "memorysetup-job-temp-allocator-block-size=2097152"
    "memorysetup-job-temp-allocator-block-size-background=1048576"
    "memorysetup-job-temp-allocator-reduction-small-platforms=262144"
    "memorysetup-temp-allocator-size-background-worker=32768"
    "memorysetup-temp-allocator-size-job-worker=262144"
    "memorysetup-temp-allocator-size-preload-manager=33554432"
    "memorysetup-temp-allocator-size-nav-mesh-worker=65536"
    "memorysetup-temp-allocator-size-audio-worker=65536"
    "memorysetup-temp-allocator-size-cloud-worker=32768"
    "memorysetup-temp-allocator-size-gi-baking-worker=262144"
    "memorysetup-temp-allocator-size-gfx=262144"
Player connection [37884] Host "[IP] 172.26.48.1 [Port] 0 [Flags] 2 [Guid] 1687333335 [EditorId] 1687333335 [Version] 1048832 [Id] WindowsEditor(7,EDATALABS) [Debug] 1 [PackageName] WindowsEditor [ProjectName] Editor" joined multi-casting on [225.0.0.222:54997]...

Player connection [37884] Host "[IP] 172.26.48.1 [Port] 0 [Flags] 2 [Guid] 1687333335 [EditorId] 1687333335 [Version] 1048832 [Id] WindowsEditor(7,EDATALABS) [Debug] 1 [PackageName] WindowsEditor [ProjectName] Editor" joined alternative multi-casting on [225.0.0.222:34997]...

Refreshing native plugins compatible for Editor in 127.35 ms, found 6 plugins.
Preloading 2 native plugins for Editor in 5.90 ms.
Initialize engine version: 2021.3.22f1 (b6c551784ba3)
[Subsystems] Discovering subsystems at path C:/Program Files/Unity/Hub/Editor/2021.3.22f1/Editor/Data/Resources/UnitySubsystems
[Subsystems] Discovering subsystems at path C:/Users/shrey/My project/Assets
GfxDevice: creating device client; threaded=0; jobified=0
Direct3D:
    Version:  Direct3D 11.0 [level 11.1]
    Renderer: NVIDIA GeForce MX550 (ID=0x1f9f)
    Vendor:   NVIDIA
    VRAM:     1920 MB
    Driver:   31.0.15.2799
Initialize mono
Mono path[0] = 'C:/Program Files/Unity/Hub/Editor/2021.3.22f1/Editor/Data/Managed'
Mono path[1] = 'C:/Program Files/Unity/Hub/Editor/2021.3.22f1/Editor/Data/MonoBleedingEdge/lib/mono/unityjit-win32'
Mono config path = 'C:/Program Files/Unity/Hub/Editor/2021.3.22f1/Editor/Data/MonoBleedingEdge/etc'
Using monoOptions --debugger-agent=transport=dt_socket,embedding=1,server=y,suspend=n,address=127.0.0.1:56488
Begin MonoManager ReloadAssembly
Registering precompiled unity dll's ...
Register platform support module: C:/Program Files/Unity/Hub/Editor/2021.3.22f1/Editor/Data/PlaybackEngines/AndroidPlayer/UnityEditor.Android.Extensions.dll
Register platform support module: C:/Program Files/Unity/Hub/Editor/2021.3.22f1/Editor/Data/PlaybackEngines/WindowsStandaloneSupport/UnityEditor.WindowsStandalone.Extensions.dll
Registered in 0.008005 seconds.
Native extension for WindowsStandalone target not found
Native extension for Android target not found
Android Extension - Scanning For ADB Devices 696 ms
Refreshing native plugins compatible for Editor in 95.02 ms, found 6 plugins.
Preloading 2 native plugins for Editor in 0.24 ms.
Mono: successfully reloaded assembly
- Completed reload, in  1.730 seconds
Domain Reload Profiling:
	ReloadAssembly (1731ms)
		BeginReloadAssembly (133ms)
			ExecutionOrderSort (0ms)
			DisableScriptedObjects (0ms)
			BackupInstance (0ms)
			ReleaseScriptingObjects (0ms)
			CreateAndSetChildDomain (1ms)
		EndReloadAssembly (1472ms)
			LoadAssemblies (132ms)
			RebuildTransferFunctionScriptingTraits (0ms)
			SetupTypeCache (148ms)
			ReleaseScriptCaches (0ms)
			RebuildScriptCaches (44ms)
			SetupLoadedEditorAssemblies (1167ms)
				LogAssemblyErrors (0ms)
				InitializePlatformSupportModulesInManaged (825ms)
				SetLoadedEditorAssemblies (0ms)
				RefreshPlugins (95ms)
				BeforeProcessingInitializeOnLoad (2ms)
				ProcessInitializeOnLoadAttributes (119ms)
				ProcessInitializeOnLoadMethodAttributes (125ms)
				AfterProcessingInitializeOnLoad (0ms)
				EditorAssembliesLoaded (0ms)
			ExecutionOrderSort2 (0ms)
			AwakeInstancesAfterBackupRestoration (0ms)
Platform modules already initialized, skipping
Registering precompiled user dll's ...
Registered in 0.040248 seconds.
Begin MonoManager ReloadAssembly
Symbol file LoadedFromMemory doesn't match image C:\Users\shrey\My project\Library\PackageCache\com.unity.visualscripting@1.8.0\Editor\VisualScripting.Core\Dependencies\YamlDotNet\Unity.VisualScripting.YamlDotNet.dll
Symbol file LoadedFromMemory doesn't match image C:\Users\shrey\My project\Library\PackageCache\com.unity.visualscripting@1.8.0\Editor\VisualScripting.Core\Dependencies\DotNetZip\Unity.VisualScripting.IonicZip.dll
Native extension for WindowsStandalone target not found
Native extension for Android target not found
Refreshing native plugins compatible for Editor in 0.93 ms, found 6 plugins.
Preloading 2 native plugins for Editor in 0.35 ms.
Mono: successfully reloaded assembly
- Completed reload, in  1.640 seconds
Domain Reload Profiling:
	ReloadAssembly (1641ms)
		BeginReloadAssembly (190ms)
			ExecutionOrderSort (0ms)
			DisableScriptedObjects (11ms)
			BackupInstance (0ms)
			ReleaseScriptingObjects (0ms)
			CreateAndSetChildDomain (29ms)
		EndReloadAssembly (1263ms)
			LoadAssemblies (164ms)
			RebuildTransferFunctionScriptingTraits (0ms)
			SetupTypeCache (385ms)
			ReleaseScriptCaches (1ms)
			RebuildScriptCaches (78ms)
			SetupLoadedEditorAssemblies (610ms)
				LogAssemblyErrors (0ms)
				InitializePlatformSupportModulesInManaged (25ms)
				SetLoadedEditorAssemblies (1ms)
				RefreshPlugins (2ms)
				BeforeProcessingInitializeOnLoad (138ms)
				ProcessInitializeOnLoadAttributes (409ms)
				ProcessInitializeOnLoadMethodAttributes (27ms)
				AfterProcessingInitializeOnLoad (8ms)
				EditorAssembliesLoaded (0ms)
			ExecutionOrderSort2 (0ms)
			AwakeInstancesAfterBackupRestoration (10ms)
Platform modules already initialized, skipping
========================================================================
Worker process is ready to serve import requests
Launched and connected shader compiler UnityShaderCompiler.exe after 0.10 seconds
Refreshing native plugins compatible for Editor in 0.90 ms, found 6 plugins.
Preloading 2 native plugins for Editor in 0.20 ms.
Unloading 3129 Unused Serialized files (Serialized files now loaded: 0)
Unloading 51 unused Assets / (124.2 KB). Loaded Objects now: 3881.
Memory consumption went from 117.4 MB to 117.3 MB.
Total: 3.804100 ms (FindLiveObjects: 0.364000 ms CreateObjectMapping: 0.129700 ms MarkObjects: 3.128100 ms  DeleteObjects: 0.180300 ms)

AssetImportParameters requested are different than current active one (requested -> active):
  custom:video-decoder-ogg-theora: a1e56fd34408186e4bbccfd4996cb3dc -> 
  custom:container-muxer-webm: aa71ff27fc2769a1b78a27578f13a17b -> 
  custom:container-demuxer-webm: 4f35f7cbe854078d1ac9338744f61a02 -> 
  custom:video-encoder-webm-vp8: eb34c28f22e8b96e1ab97ce403110664 -> 
  custom:video-codec-MediaFoundation-h265: 746d11721c4dcdbdad8f713fa42b33f4 -> 
  custom:audio-encoder-webm-vorbis: bf7c407c2cedff20999df2af8eb42d56 -> 
  custom:framework-win-MediaFoundation: 216162199b28c13a410421893ffa2e32 -> 
  custom:container-demuxer-ogg: 62fdf1f143b41e24485cea50d1cbac27 -> 
  custom:video-decoder-webm-vp8: 9c59270c3fd7afecdb556c50c9e8de78 -> 
  custom:audio-decoder-ogg-vorbis: bf7c407c2cedff20999df2af8eb42d56 -> 
========================================================================
Received Prepare
Registering precompiled user dll's ...
Registered in 0.021637 seconds.
Begin MonoManager ReloadAssembly
Symbol file LoadedFromMemory doesn't match image C:\Users\shrey\My project\Library\PackageCache\com.unity.visualscripting@1.8.0\Editor\VisualScripting.Core\Dependencies\YamlDotNet\Unity.VisualScripting.YamlDotNet.dll
Symbol file LoadedFromMemory doesn't match image C:\Users\shrey\My project\Library\PackageCache\com.unity.visualscripting@1.8.0\Editor\VisualScripting.Core\Dependencies\DotNetZip\Unity.VisualScripting.IonicZip.dll
Native extension for WindowsStandalone target not found
Native extension for Android target not found
Refreshing native plugins compatible for Editor in 0.81 ms, found 6 plugins.
Preloading 2 native plugins for Editor in 0.20 ms.
Mono: successfully reloaded assembly
- Completed reload, in  1.286 seconds
Domain Reload Profiling:
	ReloadAssembly (1287ms)
		BeginReloadAssembly (193ms)
			ExecutionOrderSort (0ms)
			DisableScriptedObjects (8ms)
			BackupInstance (0ms)
			ReleaseScriptingObjects (0ms)
			CreateAndSetChildDomain (48ms)
		EndReloadAssembly (969ms)
			LoadAssemblies (131ms)
			RebuildTransferFunctionScriptingTraits (0ms)
			SetupTypeCache (392ms)
			ReleaseScriptCaches (1ms)
			RebuildScriptCaches (43ms)
			SetupLoadedEditorAssemblies (359ms)
				LogAssemblyErrors (0ms)
				InitializePlatformSupportModulesInManaged (23ms)
				SetLoadedEditorAssemblies (1ms)
				RefreshPlugins (1ms)
				BeforeProcessingInitializeOnLoad (69ms)
				ProcessInitializeOnLoadAttributes (231ms)
				ProcessInitializeOnLoadMethodAttributes (26ms)
				AfterProcessingInitializeOnLoad (7ms)
				EditorAssembliesLoaded (0ms)
			ExecutionOrderSort2 (0ms)
			AwakeInstancesAfterBackupRestoration (10ms)
Platform modules already initialized, skipping
Refreshing native plugins compatible for Editor in 5.74 ms, found 6 plugins.
Preloading 2 native plugins for Editor in 0.11 ms.
Unloading 3091 Unused Serialized files (Serialized files now loaded: 0)
Unloading 44 unused Assets / (90.8 KB). Loaded Objects now: 3884.
Memory consumption went from 113.8 MB to 113.7 MB.
Total: 4.319100 ms (FindLiveObjects: 0.266100 ms CreateObjectMapping: 0.226500 ms MarkObjects: 3.682400 ms  DeleteObjects: 0.141400 ms)

AssetImportParameters requested are different than current active one (requested -> active):
  custom:video-decoder-ogg-theora: a1e56fd34408186e4bbccfd4996cb3dc -> 
  custom:container-muxer-webm: aa71ff27fc2769a1b78a27578f13a17b -> 
  custom:container-demuxer-webm: 4f35f7cbe854078d1ac9338744f61a02 -> 
  custom:video-encoder-webm-vp8: eb34c28f22e8b96e1ab97ce403110664 -> 
  custom:video-codec-MediaFoundation-h265: 746d11721c4dcdbdad8f713fa42b33f4 -> 
  custom:audio-encoder-webm-vorbis: bf7c407c2cedff20999df2af8eb42d56 -> 
  custom:framework-win-MediaFoundation: 216162199b28c13a410421893ffa2e32 -> 
  custom:container-demuxer-ogg: 62fdf1f143b41e24485cea50d1cbac27 -> 
  custom:video-decoder-webm-vp8: 9c59270c3fd7afecdb556c50c9e8de78 -> 
  custom:audio-decoder-ogg-vorbis: bf7c407c2cedff20999df2af8eb42d56 -> 
========================================================================
Received Prepare
Registering precompiled user dll's ...
Registered in 0.019113 seconds.
Begin MonoManager ReloadAssembly
Symbol file LoadedFromMemory doesn't match image C:\Users\shrey\My project\Library\PackageCache\com.unity.visualscripting@1.8.0\Editor\VisualScripting.Core\Dependencies\YamlDotNet\Unity.VisualScripting.YamlDotNet.dll
Symbol file LoadedFromMemory doesn't match image C:\Users\shrey\My project\Library\PackageCache\com.unity.visualscripting@1.8.0\Editor\VisualScripting.Core\Dependencies\DotNetZip\Unity.VisualScripting.IonicZip.dll
Native extension for WindowsStandalone target not found
Native extension for Android target not found
Refreshing native plugins compatible for Editor in 1.05 ms, found 6 plugins.
Preloading 2 native plugins for Editor in 0.22 ms.
Mono: successfully reloaded assembly
- Completed reload, in  1.153 seconds
Domain Reload Profiling:
	ReloadAssembly (1154ms)
		BeginReloadAssembly (193ms)
			ExecutionOrderSort (0ms)
			DisableScriptedObjects (6ms)
			BackupInstance (0ms)
			ReleaseScriptingObjects (0ms)
			CreateAndSetChildDomain (42ms)
		EndReloadAssembly (830ms)
			LoadAssemblies (125ms)
			RebuildTransferFunctionScriptingTraits (0ms)
			SetupTypeCache (301ms)
			ReleaseScriptCaches (1ms)
			RebuildScriptCaches (46ms)
			SetupLoadedEditorAssemblies (342ms)
				LogAssemblyErrors (0ms)
				InitializePlatformSupportModulesInManaged (18ms)
				SetLoadedEditorAssemblies (1ms)
				RefreshPlugins (1ms)
				BeforeProcessingInitializeOnLoad (72ms)
				ProcessInitializeOnLoadAttributes (219ms)
				ProcessInitializeOnLoadMethodAttributes (20ms)
				AfterProcessingInitializeOnLoad (9ms)
				EditorAssembliesLoaded (0ms)
			ExecutionOrderSort2 (0ms)
			AwakeInstancesAfterBackupRestoration (9ms)
Platform modules already initialized, skipping
Refreshing native plugins compatible for Editor in 5.70 ms, found 6 plugins.
Preloading 2 native plugins for Editor in 0.10 ms.
Unloading 3091 Unused Serialized files (Serialized files now loaded: 0)
Unloading 44 unused Assets / (90.7 KB). Loaded Objects now: 3887.
Memory consumption went from 113.8 MB to 113.7 MB.
Total: 2.680500 ms (FindLiveObjects: 0.204000 ms CreateObjectMapping: 0.091000 ms MarkObjects: 2.277800 ms  DeleteObjects: 0.106400 ms)

AssetImportParameters requested are different than current active one (requested -> active):
  custom:video-decoder-ogg-theora: a1e56fd34408186e4bbccfd4996cb3dc -> 
  custom:container-muxer-webm: aa71ff27fc2769a1b78a27578f13a17b -> 
  custom:container-demuxer-webm: 4f35f7cbe854078d1ac9338744f61a02 -> 
  custom:video-encoder-webm-vp8: eb34c28f22e8b96e1ab97ce403110664 -> 
  custom:video-codec-MediaFoundation-h265: 746d11721c4dcdbdad8f713fa42b33f4 -> 
  custom:audio-encoder-webm-vorbis: bf7c407c2cedff20999df2af8eb42d56 -> 
  custom:framework-win-MediaFoundation: 216162199b28c13a410421893ffa2e32 -> 
  custom:container-demuxer-ogg: 62fdf1f143b41e24485cea50d1cbac27 -> 
  custom:video-decoder-webm-vp8: 9c59270c3fd7afecdb556c50c9e8de78 -> 
  custom:audio-decoder-ogg-vorbis: bf7c407c2cedff20999df2af8eb42d56 -> 
========================================================================
Received Prepare
Registering precompiled user dll's ...
Registered in 0.020072 seconds.
Begin MonoManager ReloadAssembly
Symbol file LoadedFromMemory doesn't match image C:\Users\shrey\My project\Library\PackageCache\com.unity.visualscripting@1.8.0\Editor\VisualScripting.Core\Dependencies\YamlDotNet\Unity.VisualScripting.YamlDotNet.dll
Symbol file LoadedFromMemory doesn't match image C:\Users\shrey\My project\Library\PackageCache\com.unity.visualscripting@1.8.0\Editor\VisualScripting.Core\Dependencies\DotNetZip\Unity.VisualScripting.IonicZip.dll
Native extension for WindowsStandalone target not found
Native extension for Android target not found
Refreshing native plugins compatible for Editor in 0.82 ms, found 6 plugins.
Preloading 2 native plugins for Editor in 0.19 ms.
Mono: successfully reloaded assembly
- Completed reload, in  1.241 seconds
Domain Reload Profiling:
	ReloadAssembly (1242ms)
		BeginReloadAssembly (148ms)
			ExecutionOrderSort (0ms)
			DisableScriptedObjects (7ms)
			BackupInstance (0ms)
			ReleaseScriptingObjects (0ms)
			CreateAndSetChildDomain (33ms)
		EndReloadAssembly (974ms)
			LoadAssemblies (115ms)
			RebuildTransferFunctionScriptingTraits (0ms)
			SetupTypeCache (332ms)
			ReleaseScriptCaches (1ms)
			RebuildScriptCaches (40ms)
			SetupLoadedEditorAssemblies (439ms)
				LogAssemblyErrors (0ms)
				InitializePlatformSupportModulesInManaged (40ms)
				SetLoadedEditorAssemblies (1ms)
				RefreshPlugins (1ms)
				BeforeProcessingInitializeOnLoad (95ms)
				ProcessInitializeOnLoadAttributes (263ms)
				ProcessInitializeOnLoadMethodAttributes (27ms)
				AfterProcessingInitializeOnLoad (11ms)
				EditorAssembliesLoaded (0ms)
			ExecutionOrderSort2 (0ms)
			AwakeInstancesAfterBackupRestoration (11ms)
Platform modules already initialized, skipping
Refreshing native plugins compatible for Editor in 7.39 ms, found 6 plugins.
Preloading 2 native plugins for Editor in 0.18 ms.
Unloading 3091 Unused Serialized files (Serialized files now loaded: 0)
Unloading 44 unused Assets / (90.8 KB). Loaded Objects now: 3890.
Memory consumption went from 113.8 MB to 113.7 MB.
Total: 4.293600 ms (FindLiveObjects: 0.267500 ms CreateObjectMapping: 0.229200 ms MarkObjects: 3.667000 ms  DeleteObjects: 0.128000 ms)

AssetImportParameters requested are different than current active one (requested -> active):
  custom:video-decoder-ogg-theora: a1e56fd34408186e4bbccfd4996cb3dc -> 
  custom:container-muxer-webm: aa71ff27fc2769a1b78a27578f13a17b -> 
  custom:container-demuxer-webm: 4f35f7cbe854078d1ac9338744f61a02 -> 
  custom:video-encoder-webm-vp8: eb34c28f22e8b96e1ab97ce403110664 -> 
  custom:video-codec-MediaFoundation-h265: 746d11721c4dcdbdad8f713fa42b33f4 -> 
  custom:audio-encoder-webm-vorbis: bf7c407c2cedff20999df2af8eb42d56 -> 
  custom:framework-win-MediaFoundation: 216162199b28c13a410421893ffa2e32 -> 
  custom:container-demuxer-ogg: 62fdf1f143b41e24485cea50d1cbac27 -> 
  custom:video-decoder-webm-vp8: 9c59270c3fd7afecdb556c50c9e8de78 -> 
  custom:audio-decoder-ogg-vorbis: bf7c407c2cedff20999df2af8eb42d56 -> 
========================================================================
Received Prepare
Registering precompiled user dll's ...
Registered in 0.022033 seconds.
Begin MonoManager ReloadAssembly
Symbol file LoadedFromMemory doesn't match image C:\Users\shrey\My project\Library\PackageCache\com.unity.visualscripting@1.8.0\Editor\VisualScripting.Core\Dependencies\YamlDotNet\Unity.VisualScripting.YamlDotNet.dll
Symbol file LoadedFromMemory doesn't match image C:\Users\shrey\My project\Library\PackageCache\com.unity.visualscripting@1.8.0\Editor\VisualScripting.Core\Dependencies\DotNetZip\Unity.VisualScripting.IonicZip.dll
Native extension for WindowsStandalone target not found
Native extension for Android target not found
Refreshing native plugins compatible for Editor in 0.58 ms, found 6 plugins.
Preloading 2 native plugins for Editor in 0.14 ms.
Mono: successfully reloaded assembly
- Completed reload, in  1.131 seconds
Domain Reload Profiling:
	ReloadAssembly (1132ms)
		BeginReloadAssembly (164ms)
			ExecutionOrderSort (0ms)
			DisableScriptedObjects (5ms)
			BackupInstance (0ms)
			ReleaseScriptingObjects (0ms)
			CreateAndSetChildDomain (39ms)
		EndReloadAssembly (823ms)
			LoadAssemblies (113ms)
			RebuildTransferFunctionScriptingTraits (0ms)
			SetupTypeCache (295ms)
			ReleaseScriptCaches (1ms)
			RebuildScriptCaches (44ms)
			SetupLoadedEditorAssemblies (345ms)
				LogAssemblyErrors (0ms)
				InitializePlatformSupportModulesInManaged (17ms)
				SetLoadedEditorAssemblies (0ms)
				RefreshPlugins (1ms)
				BeforeProcessingInitializeOnLoad (71ms)
				ProcessInitializeOnLoadAttributes (224ms)
				ProcessInitializeOnLoadMethodAttributes (23ms)
				AfterProcessingInitializeOnLoad (8ms)
				EditorAssembliesLoaded (0ms)
			ExecutionOrderSort2 (0ms)
			AwakeInstancesAfterBackupRestoration (6ms)
Platform modules already initialized, skipping
Refreshing native plugins compatible for Editor in 8.00 ms, found 6 plugins.
Preloading 2 native plugins for Editor in 0.26 ms.
Unloading 3091 Unused Serialized files (Serialized files now loaded: 0)
Unloading 44 unused Assets / (90.8 KB). Loaded Objects now: 3893.
Memory consumption went from 113.8 MB to 113.7 MB.
Total: 4.235000 ms (FindLiveObjects: 0.303000 ms CreateObjectMapping: 0.208100 ms MarkObjects: 3.593700 ms  DeleteObjects: 0.129100 ms)

AssetImportParameters requested are different than current active one (requested -> active):
  custom:video-decoder-ogg-theora: a1e56fd34408186e4bbccfd4996cb3dc -> 
  custom:container-muxer-webm: aa71ff27fc2769a1b78a27578f13a17b -> 
  custom:container-demuxer-webm: 4f35f7cbe854078d1ac9338744f61a02 -> 
  custom:video-encoder-webm-vp8: eb34c28f22e8b96e1ab97ce403110664 -> 
  custom:video-codec-MediaFoundation-h265: 746d11721c4dcdbdad8f713fa42b33f4 -> 
  custom:audio-encoder-webm-vorbis: bf7c407c2cedff20999df2af8eb42d56 -> 
  custom:framework-win-MediaFoundation: 216162199b28c13a410421893ffa2e32 -> 
  custom:container-demuxer-ogg: 62fdf1f143b41e24485cea50d1cbac27 -> 
  custom:video-decoder-webm-vp8: 9c59270c3fd7afecdb556c50c9e8de78 -> 
  custom:audio-decoder-ogg-vorbis: bf7c407c2cedff20999df2af8eb42d56 -> 
========================================================================
Received Import Request.
  Time since last request: 153904.778854 seconds.
  path: Assets/StreamingAssets/Vuforia
  artifactKey: Guid(9cd5fd955c71b9b4f9c15fe876a316f0) Importer(815301076,1909f56bfc062723c751e8b465ee728b)
Start importing Assets/StreamingAssets/Vuforia using Guid(9cd5fd955c71b9b4f9c15fe876a316f0) Importer(815301076,1909f56bfc062723c751e8b465ee728b)  -> (artifact id: '366091fafdebee51565e98ccc511e815') in 0.037263 seconds 
========================================================================
Received Import Request.
  Time since last request: 228.936320 seconds.
  path: Assets/Resources/VuforiaConfiguration.asset
  artifactKey: Guid(d959c394376569f4ba85f6bd4d8b0e25) Importer(815301076,1909f56bfc062723c751e8b465ee728b)
Start importing Assets/Resources/VuforiaConfiguration.asset using Guid(d959c394376569f4ba85f6bd4d8b0e25) Importer(815301076,1909f56bfc062723c751e8b465ee728b)  -> (artifact id: 'd49edfaa42ae423ec3cbb19a3edab9d7') in 0.073498 seconds 
========================================================================
Received Prepare
Registering precompiled user dll's ...
Registered in 0.022375 seconds.
Begin MonoManager ReloadAssembly
Symbol file LoadedFromMemory doesn't match image C:\Users\shrey\My project\Library\PackageCache\com.unity.visualscripting@1.8.0\Editor\VisualScripting.Core\Dependencies\YamlDotNet\Unity.VisualScripting.YamlDotNet.dll
Symbol file LoadedFromMemory doesn't match image C:\Users\shrey\My project\Library\PackageCache\com.unity.visualscripting@1.8.0\Editor\VisualScripting.Core\Dependencies\DotNetZip\Unity.VisualScripting.IonicZip.dll
Native extension for WindowsStandalone target not found
Native extension for Android target not found
Refreshing native plugins compatible for Editor in 1.05 ms, found 6 plugins.
Preloading 2 native plugins for Editor in 0.26 ms.
Mono: successfully reloaded assembly
- Completed reload, in  1.387 seconds
Domain Reload Profiling:
	ReloadAssembly (1388ms)
		BeginReloadAssembly (189ms)
			ExecutionOrderSort (0ms)
			DisableScriptedObjects (7ms)
			BackupInstance (0ms)
			ReleaseScriptingObjects (0ms)
			CreateAndSetChildDomain (44ms)
		EndReloadAssembly (1030ms)
			LoadAssemblies (154ms)
			RebuildTransferFunctionScriptingTraits (0ms)
			SetupTypeCache (350ms)
			ReleaseScriptCaches (1ms)
			RebuildScriptCaches (59ms)
			SetupLoadedEditorAssemblies (407ms)
				LogAssemblyErrors (0ms)
				InitializePlatformSupportModulesInManaged (24ms)
				SetLoadedEditorAssemblies (1ms)
				RefreshPlugins (1ms)
				BeforeProcessingInitializeOnLoad (76ms)
				ProcessInitializeOnLoadAttributes (259ms)
				ProcessInitializeOnLoadMethodAttributes (32ms)
				AfterProcessingInitializeOnLoad (13ms)
				EditorAssembliesLoaded (0ms)
			ExecutionOrderSort2 (0ms)
			AwakeInstancesAfterBackupRestoration (11ms)
Platform modules already initialized, skipping
Refreshing native plugins compatible for Editor in 9.35 ms, found 6 plugins.
Preloading 2 native plugins for Editor in 0.16 ms.
Unloading 3092 Unused Serialized files (Serialized files now loaded: 0)
Unloading 45 unused Assets / (115.2 KB). Loaded Objects now: 3898.
Memory consumption went from 113.9 MB to 113.8 MB.
Total: 3.466400 ms (FindLiveObjects: 0.344300 ms CreateObjectMapping: 0.206200 ms MarkObjects: 2.781200 ms  DeleteObjects: 0.132800 ms)

AssetImportParameters requested are different than current active one (requested -> active):
  custom:video-decoder-ogg-theora: a1e56fd34408186e4bbccfd4996cb3dc -> 
  custom:container-muxer-webm: aa71ff27fc2769a1b78a27578f13a17b -> 
  custom:container-demuxer-webm: 4f35f7cbe854078d1ac9338744f61a02 -> 
  custom:video-encoder-webm-vp8: eb34c28f22e8b96e1ab97ce403110664 -> 
  custom:video-codec-MediaFoundation-h265: 746d11721c4dcdbdad8f713fa42b33f4 -> 
  custom:audio-encoder-webm-vorbis: bf7c407c2cedff20999df2af8eb42d56 -> 
  custom:framework-win-MediaFoundation: 216162199b28c13a410421893ffa2e32 -> 
  custom:container-demuxer-ogg: 62fdf1f143b41e24485cea50d1cbac27 -> 
  custom:video-decoder-webm-vp8: 9c59270c3fd7afecdb556c50c9e8de78 -> 
  custom:audio-decoder-ogg-vorbis: bf7c407c2cedff20999df2af8eb42d56 -> 
========================================================================
Received Prepare
Registering precompiled user dll's ...
Registered in 0.027647 seconds.
Begin MonoManager ReloadAssembly
Symbol file LoadedFromMemory doesn't match image C:\Users\shrey\My project\Library\PackageCache\com.unity.visualscripting@1.8.0\Editor\VisualScripting.Core\Dependencies\YamlDotNet\Unity.VisualScripting.YamlDotNet.dll
Symbol file LoadedFromMemory doesn't match image C:\Users\shrey\My project\Library\PackageCache\com.unity.visualscripting@1.8.0\Editor\VisualScripting.Core\Dependencies\DotNetZip\Unity.VisualScripting.IonicZip.dll
Native extension for WindowsStandalone target not found
Native extension for Android target not found
Refreshing native plugins compatible for Editor in 0.68 ms, found 6 plugins.
Preloading 2 native plugins for Editor in 0.21 ms.
Mono: successfully reloaded assembly
- Completed reload, in  1.457 seconds
Domain Reload Profiling:
	ReloadAssembly (1458ms)
		BeginReloadAssembly (213ms)
			ExecutionOrderSort (0ms)
			DisableScriptedObjects (6ms)
			BackupInstance (0ms)
			ReleaseScriptingObjects (0ms)
			CreateAndSetChildDomain (44ms)
		EndReloadAssembly (1014ms)
			LoadAssemblies (164ms)
			RebuildTransferFunctionScriptingTraits (0ms)
			SetupTypeCache (360ms)
			ReleaseScriptCaches (2ms)
			RebuildScriptCaches (46ms)
			SetupLoadedEditorAssemblies (407ms)
				LogAssemblyErrors (0ms)
				InitializePlatformSupportModulesInManaged (26ms)
				SetLoadedEditorAssemblies (2ms)
				RefreshPlugins (1ms)
				BeforeProcessingInitializeOnLoad (83ms)
				ProcessInitializeOnLoadAttributes (269ms)
				ProcessInitializeOnLoadMethodAttributes (20ms)
				AfterProcessingInitializeOnLoad (7ms)
				EditorAssembliesLoaded (0ms)
			ExecutionOrderSort2 (0ms)
			AwakeInstancesAfterBackupRestoration (11ms)
Platform modules already initialized, skipping
Refreshing native plugins compatible for Editor in 8.31 ms, found 6 plugins.
Preloading 2 native plugins for Editor in 0.12 ms.
Unloading 3091 Unused Serialized files (Serialized files now loaded: 0)
Unloading 45 unused Assets / (90.8 KB). Loaded Objects now: 3900.
Memory consumption went from 113.9 MB to 113.8 MB.
Total: 4.331600 ms (FindLiveObjects: 0.237200 ms CreateObjectMapping: 0.157400 ms MarkObjects: 3.752600 ms  DeleteObjects: 0.182400 ms)

AssetImportParameters requested are different than current active one (requested -> active):
  custom:video-decoder-ogg-theora: a1e56fd34408186e4bbccfd4996cb3dc -> 
  custom:container-muxer-webm: aa71ff27fc2769a1b78a27578f13a17b -> 
  custom:container-demuxer-webm: 4f35f7cbe854078d1ac9338744f61a02 -> 
  custom:video-encoder-webm-vp8: eb34c28f22e8b96e1ab97ce403110664 -> 
  custom:video-codec-MediaFoundation-h265: 746d11721c4dcdbdad8f713fa42b33f4 -> 
  custom:audio-encoder-webm-vorbis: bf7c407c2cedff20999df2af8eb42d56 -> 
  custom:framework-win-MediaFoundation: 216162199b28c13a410421893ffa2e32 -> 
  custom:container-demuxer-ogg: 62fdf1f143b41e24485cea50d1cbac27 -> 
  custom:video-decoder-webm-vp8: 9c59270c3fd7afecdb556c50c9e8de78 -> 
  custom:audio-decoder-ogg-vorbis: bf7c407c2cedff20999df2af8eb42d56 -> 
========================================================================
Received Import Request.
  Time since last request: 142.849341 seconds.
  path: Assets/Import/Vpalnikov_Robot_Arm_Animation/Vpalnikov_Robot_Arm_Animation.prefab
  artifactKey: Guid(d3a39cfb92190884e9b000c70d664f87) Importer(815301076,1909f56bfc062723c751e8b465ee728b)
Start importing Assets/Import/Vpalnikov_Robot_Arm_Animation/Vpalnikov_Robot_Arm_Animation.prefab using Guid(d3a39cfb92190884e9b000c70d664f87) Importer(815301076,1909f56bfc062723c751e8b465ee728b)  -> (artifact id: '297650f1499ab1337b81a9f883000293') in 0.229802 seconds 
========================================================================
Received Import Request.
  Time since last request: 15.443184 seconds.
  path: Assets/Import/Vpalnikov_Robot_Arm_Animation/animations/Take 001.anim
  artifactKey: Guid(48bcccc0a0b56e643a1ee787bbdf55ef) Importer(815301076,1909f56bfc062723c751e8b465ee728b)
Start importing Assets/Import/Vpalnikov_Robot_Arm_Animation/animations/Take 001.anim using Guid(48bcccc0a0b56e643a1ee787bbdf55ef) Importer(815301076,1909f56bfc062723c751e8b465ee728b)  -> (artifact id: 'bec4f6a33bcbc0f18b462c39e1a12fb2') in 0.051886 seconds 
========================================================================
Received Import Request.
  Time since last request: 3050.270384 seconds.
  path: Assets/Import/Low_Poly_Grasshopper_(_Animated_3D_Asset_)/Low_Poly_Grasshopper_(_Animated_3D_Asset_).prefab
  artifactKey: Guid(c613253aac6a08046ac4164fb03d83e4) Importer(815301076,1909f56bfc062723c751e8b465ee728b)
Start importing Assets/Import/Low_Poly_Grasshopper_(_Animated_3D_Asset_)/Low_Poly_Grasshopper_(_Animated_3D_Asset_).prefab using Guid(c613253aac6a08046ac4164fb03d83e4) Importer(815301076,1909f56bfc062723c751e8b465ee728b)  -> (artifact id: '38fc656fb38fbe3cfa83d2a17e713af4') in 0.370493 seconds 
========================================================================
Received Import Request.
  Time since last request: 10.738760 seconds.
  path: Assets/Import/Low_Poly_Grasshopper_(_Animated_3D_Asset_)/animations
  artifactKey: Guid(94a0156cdc91b9442a04d0a72404cca4) Importer(815301076,1909f56bfc062723c751e8b465ee728b)
Start importing Assets/Import/Low_Poly_Grasshopper_(_Animated_3D_Asset_)/animations using Guid(94a0156cdc91b9442a04d0a72404cca4) Importer(815301076,1909f56bfc062723c751e8b465ee728b)  -> (artifact id: '0254e953f9b51517f90ec3de9899a033') in 0.004563 seconds 
========================================================================
Received Import Request.
  Time since last request: 36.556553 seconds.
  path: Assets/Import/Low_Poly_Grasshopper_(_Animated_3D_Asset_)/animations/Take 001.anim
  artifactKey: Guid(2ae3615fc65947e48b160a12a53bbd96) Importer(815301076,1909f56bfc062723c751e8b465ee728b)
Start importing Assets/Import/Low_Poly_Grasshopper_(_Animated_3D_Asset_)/animations/Take 001.anim using Guid(2ae3615fc65947e48b160a12a53bbd96) Importer(815301076,1909f56bfc062723c751e8b465ee728b)  -> (artifact id: '79ad33241b1ec6ca6f79ac90934a3893') in 0.072172 seconds 
========================================================================
Received Import Request.
  Time since last request: 31.082709 seconds.
  path: Assets/Import/Low_Poly_Grasshopper_(_Animated_3D_Asset_)/animations/Low_Poly_Grasshopper_(_Animated_3D_Asset_).controller
  artifactKey: Guid(792d488e10851de41b91e2b14acb233c) Importer(815301076,1909f56bfc062723c751e8b465ee728b)
Start importing Assets/Import/Low_Poly_Grasshopper_(_Animated_3D_Asset_)/animations/Low_Poly_Grasshopper_(_Animated_3D_Asset_).controller using Guid(792d488e10851de41b91e2b14acb233c) Importer(815301076,1909f56bfc062723c751e8b465ee728b)  -> (artifact id: 'aadd7d64be4d12fcb7546c2c2b3edbf8') in 0.009965 seconds 
========================================================================
Received Import Request.
  Time since last request: 50.991611 seconds.
  path: Assets/Import/Low_Poly_Grasshopper_(_Animated_3D_Asset_)/animations/Vpalnikov_Robot_Arm_Animation.controller
  artifactKey: Guid(9255ba51b55919a48b6d8878ac90dd69) Importer(815301076,1909f56bfc062723c751e8b465ee728b)
Start importing Assets/Import/Low_Poly_Grasshopper_(_Animated_3D_Asset_)/animations/Vpalnikov_Robot_Arm_Animation.controller using Guid(9255ba51b55919a48b6d8878ac90dd69) Importer(815301076,1909f56bfc062723c751e8b465ee728b)  -> (artifact id: '1d1627c5d1fe52bca06d40d71b6398f0') in 0.033247 seconds 
========================================================================
Received Import Request.
  Time since last request: 42.727330 seconds.
  path: Assets/Import/Magnet/Magnet.prefab
  artifactKey: Guid(a34ab59ae7c2de54ab06e4b2c0066492) Importer(815301076,1909f56bfc062723c751e8b465ee728b)
Start importing Assets/Import/Magnet/Magnet.prefab using Guid(a34ab59ae7c2de54ab06e4b2c0066492) Importer(815301076,1909f56bfc062723c751e8b465ee728b)  -> (artifact id: '3c1fd012d3b09d0813c36a67092a2fa4') in 0.368127 seconds 
========================================================================
Received Import Request.
  Time since last request: 98.091915 seconds.
  path: Assets/Import/Campo_magnetico_generato_da_un_solenoide/Campo_magnetico_generato_da_un_solenoide.prefab
  artifactKey: Guid(e927a4f64155614488937e2900a4601d) Importer(815301076,1909f56bfc062723c751e8b465ee728b)
Start importing Assets/Import/Campo_magnetico_generato_da_un_solenoide/Campo_magnetico_generato_da_un_solenoide.prefab using Guid(e927a4f64155614488937e2900a4601d) Importer(815301076,1909f56bfc062723c751e8b465ee728b)  -> (artifact id: '3a56b26cb66c1f1f74a750b7d77383a4') in 0.683624 seconds 
========================================================================
Received Import Request.
  Time since last request: 81.373123 seconds.
  path: Assets/Import/Campo_magnetico_generato_da_un_solenoide/Campo_magnetico_generato_da_un_solenoide.prefab
  artifactKey: Guid(e927a4f64155614488937e2900a4601d) Importer(815301076,1909f56bfc062723c751e8b465ee728b)
Start importing Assets/Import/Campo_magnetico_generato_da_un_solenoide/Campo_magnetico_generato_da_un_solenoide.prefab using Guid(e927a4f64155614488937e2900a4601d) Importer(815301076,1909f56bfc062723c751e8b465ee728b)  -> (artifact id: '398dab46f2f037146d34faefb2a34481') in 0.714499 seconds 
========================================================================
Received Import Request.
  Time since last request: 140.500077 seconds.
  path: Assets/Import/Vpalnikov_Robot_Arm_Animation/meshes/Base2_lambert1_0_7_0.asset
  artifactKey: Guid(00fd1160eaf0535478bca32ddb998f13) Importer(815301076,1909f56bfc062723c751e8b465ee728b)
Start importing Assets/Import/Vpalnikov_Robot_Arm_Animation/meshes/Base2_lambert1_0_7_0.asset using Guid(00fd1160eaf0535478bca32ddb998f13) Importer(815301076,1909f56bfc062723c751e8b465ee728b)  -> (artifact id: '5db59da5fe70180ea78616805a4eec85') in 0.096825 seconds 
========================================================================
Received Import Request.
  Time since last request: 0.000041 seconds.
  path: Assets/Import/Vpalnikov_Robot_Arm_Animation/meshes/Finger2_lambert1_0_0_0.asset
  artifactKey: Guid(2d14c8e4b9275e84baaf8fc139d37571) Importer(815301076,1909f56bfc062723c751e8b465ee728b)
Start importing Assets/Import/Vpalnikov_Robot_Arm_Animation/meshes/Finger2_lambert1_0_0_0.asset using Guid(2d14c8e4b9275e84baaf8fc139d37571) Importer(815301076,1909f56bfc062723c751e8b465ee728b)  -> (artifact id: '0ab3e6fb7b706756857b3565b53d299e') in 0.043964 seconds 
========================================================================
Received Import Request.
  Time since last request: 0.000094 seconds.
  path: Assets/Import/Vpalnikov_Robot_Arm_Animation/meshes/Rotating_lambert1_0_6_0.asset
  artifactKey: Guid(3e4b091056e91de4d9253ce39ac28c1d) Importer(815301076,1909f56bfc062723c751e8b465ee728b)
Start importing Assets/Import/Vpalnikov_Robot_Arm_Animation/meshes/Rotating_lambert1_0_6_0.asset using Guid(3e4b091056e91de4d9253ce39ac28c1d) Importer(815301076,1909f56bfc062723c751e8b465ee728b)  -> (artifact id: '930fff1f71b750946af3154d61deef81') in 0.028803 seconds 
========================================================================
Received Import Request.
  Time since last request: 0.000073 seconds.
  path: Assets/Import/Vpalnikov_Robot_Arm_Animation/meshes/Finger1_lambert1_0_1_0.asset
  artifactKey: Guid(79ea88b65088f4248a0b87fc09985f6c) Importer(815301076,1909f56bfc062723c751e8b465ee728b)
Start importing Assets/Import/Vpalnikov_Robot_Arm_Animation/meshes/Finger1_lambert1_0_1_0.asset using Guid(79ea88b65088f4248a0b87fc09985f6c) Importer(815301076,1909f56bfc062723c751e8b465ee728b)  -> (artifact id: '529afd29cc533844be003589f6cd4e3b') in 0.032085 seconds 
========================================================================
Received Import Request.
  Time since last request: 0.000038 seconds.
  path: Assets/Import/Vpalnikov_Robot_Arm_Animation/meshes/Hand_lambert1_0_2_0.asset
  artifactKey: Guid(4c7d6f2ff1c63be449acbe09f1df0204) Importer(815301076,1909f56bfc062723c751e8b465ee728b)
Start importing Assets/Import/Vpalnikov_Robot_Arm_Animation/meshes/Hand_lambert1_0_2_0.asset using Guid(4c7d6f2ff1c63be449acbe09f1df0204) Importer(815301076,1909f56bfc062723c751e8b465ee728b)  -> (artifact id: '5f842b7ac2e5368ebaa687924125774b') in 0.040564 seconds 
========================================================================
Received Import Request.
  Time since last request: 0.000032 seconds.
  path: Assets/Import/Vpalnikov_Robot_Arm_Animation/meshes/Wrist_lambert1_0_3_0.asset
  artifactKey: Guid(73c5f6d4bc9ce2c478ffe1557b71fb54) Importer(815301076,1909f56bfc062723c751e8b465ee728b)
Start importing Assets/Import/Vpalnikov_Robot_Arm_Animation/meshes/Wrist_lambert1_0_3_0.asset using Guid(73c5f6d4bc9ce2c478ffe1557b71fb54) Importer(815301076,1909f56bfc062723c751e8b465ee728b)  -> (artifact id: '18e900ac2ebce8925a6a220c010d6eac') in 0.021892 seconds 
========================================================================
Received Import Request.
  Time since last request: 2.968989 seconds.
  path: Assets/Import/Vpalnikov_Robot_Arm_Animation/materials/lambert1_0.mat
  artifactKey: Guid(60ab6e0e6569cd84dbb0609246a15499) Importer(815301076,1909f56bfc062723c751e8b465ee728b)
Start importing Assets/Import/Vpalnikov_Robot_Arm_Animation/materials/lambert1_0.mat using Guid(60ab6e0e6569cd84dbb0609246a15499) Importer(815301076,1909f56bfc062723c751e8b465ee728b)  -> (artifact id: 'edd1caaa54eca3746b51ad06641b5837') in 0.072219 seconds 
========================================================================
Received Import Request.
  Time since last request: 4.571929 seconds.
  path: Assets/Import/Vpalnikov_Robot_Arm_Animation/textures
  artifactKey: Guid(1e09fcc0b9eacf74481b497eeb2db259) Importer(815301076,1909f56bfc062723c751e8b465ee728b)
Start importing Assets/Import/Vpalnikov_Robot_Arm_Animation/textures using Guid(1e09fcc0b9eacf74481b497eeb2db259) Importer(815301076,1909f56bfc062723c751e8b465ee728b)  -> (artifact id: '3855ac6f4bf1dff00b780209176b932a') in 0.017763 seconds 
========================================================================
Received Import Request.
  Time since last request: 310.473868 seconds.
  path: Assets/Import/Robot_Arm_Animation
  artifactKey: Guid(150aac5c2c8e34845a5c8df3b28e3e68) Importer(815301076,1909f56bfc062723c751e8b465ee728b)
Start importing Assets/Import/Robot_Arm_Animation using Guid(150aac5c2c8e34845a5c8df3b28e3e68) Importer(815301076,1909f56bfc062723c751e8b465ee728b)  -> (artifact id: '44b4e450696466db2a9392172560b876') in 0.028336 seconds 
========================================================================
Received Import Request.
  Time since last request: 0.181339 seconds.
  path: Assets/Import/Robot_Arm_Animation/Robot_Arm_Animation.prefab
  artifactKey: Guid(22aa60766eec7644d8b512c8abd68364) Importer(815301076,1909f56bfc062723c751e8b465ee728b)
Start importing Assets/Import/Robot_Arm_Animation/Robot_Arm_Animation.prefab using Guid(22aa60766eec7644d8b512c8abd68364) Importer(815301076,1909f56bfc062723c751e8b465ee728b)  -> (artifact id: '165bc80519d295820cfc4a6e38f67dbd') in 0.373122 seconds 
========================================================================
Received Import Request.
  Time since last request: 141.982707 seconds.
  path: Assets/Import/Robot_Arm_Animation/Robot_Arm_Animation.prefab
  artifactKey: Guid(22aa60766eec7644d8b512c8abd68364) Importer(815301076,1909f56bfc062723c751e8b465ee728b)
Start importing Assets/Import/Robot_Arm_Animation/Robot_Arm_Animation.prefab using Guid(22aa60766eec7644d8b512c8abd68364) Importer(815301076,1909f56bfc062723c751e8b465ee728b)  -> (artifact id: '61b4a2335c6eea34356e507bdf9e0f6f') in 0.306652 seconds 
========================================================================
Received Import Request.
  Time since last request: 28.094151 seconds.
  path: Assets/Import/Robot_Arm_Animation/animations
  artifactKey: Guid(4230cf9f44813ea4681d3a82d2238988) Importer(815301076,1909f56bfc062723c751e8b465ee728b)
Start importing Assets/Import/Robot_Arm_Animation/animations using Guid(4230cf9f44813ea4681d3a82d2238988) Importer(815301076,1909f56bfc062723c751e8b465ee728b)  -> (artifact id: '141eb0e3132a79194c889db967dc78d3') in 0.004806 seconds 
========================================================================
Received Import Request.
  Time since last request: 3.097720 seconds.
  path: Assets/Import/Robot_Arm_Animation/animations/Heavy Box.anim
  artifactKey: Guid(ab59578b023a8864ebfb172506c89c64) Importer(815301076,1909f56bfc062723c751e8b465ee728b)
Start importing Assets/Import/Robot_Arm_Animation/animations/Heavy Box.anim using Guid(ab59578b023a8864ebfb172506c89c64) Importer(815301076,1909f56bfc062723c751e8b465ee728b)  -> (artifact id: 'd01d784752dcbc269d10552d465e0943') in 0.202376 seconds 
========================================================================
Received Import Request.
  Time since last request: 69.609281 seconds.
  path: Assets/Import/Low_Poly_Grasshopper_(_Animated_3D_Asset_)/Low_Poly_Grasshopper_(_Animated_3D_Asset_).prefab
  artifactKey: Guid(c613253aac6a08046ac4164fb03d83e4) Importer(815301076,1909f56bfc062723c751e8b465ee728b)
Start importing Assets/Import/Low_Poly_Grasshopper_(_Animated_3D_Asset_)/Low_Poly_Grasshopper_(_Animated_3D_Asset_).prefab using Guid(c613253aac6a08046ac4164fb03d83e4) Importer(815301076,1909f56bfc062723c751e8b465ee728b)  -> (artifact id: 'd66aa1b3823b874cd3bac9f4b67e2a88') in 0.384535 seconds 
========================================================================
Received Import Request.
  Time since last request: 574.354397 seconds.
  path: Assets/Import/Low_Poly_Grasshopper_(_Animated_3D_Asset_)/Low_Poly_Grasshopper_(_Animated_3D_Asset_).prefab
  artifactKey: Guid(c613253aac6a08046ac4164fb03d83e4) Importer(815301076,1909f56bfc062723c751e8b465ee728b)
Start importing Assets/Import/Low_Poly_Grasshopper_(_Animated_3D_Asset_)/Low_Poly_Grasshopper_(_Animated_3D_Asset_).prefab using Guid(c613253aac6a08046ac4164fb03d83e4) Importer(815301076,1909f56bfc062723c751e8b465ee728b)  -> (artifact id: '44120cbe875a6fa618e91cf5706e9a75') in 1.081516 seconds 
========================================================================
Received Import Request.
  Time since last request: 510.755385 seconds.
  path: Assets/Resources/low-poly-grasshopper-animated-3d-asset
  artifactKey: Guid(bd817a4865e541b4087ffe99c0aee728) Importer(815301076,1909f56bfc062723c751e8b465ee728b)
Start importing Assets/Resources/low-poly-grasshopper-animated-3d-asset using Guid(bd817a4865e541b4087ffe99c0aee728) Importer(815301076,1909f56bfc062723c751e8b465ee728b)  -> (artifact id: '21a15236c5e33f12595e7f589cdeaf91') in 0.017824 seconds 
========================================================================
Received Import Request.
  Time since last request: 1.927865 seconds.
  path: Assets/Resources/low-poly-grasshopper-animated-3d-asset/source/PC_GrassHopper_IDLE_notex.fbx
  artifactKey: Guid(9116b6a917b61d144acbf278b9becc89) Importer(815301076,1909f56bfc062723c751e8b465ee728b)
Start importing Assets/Resources/low-poly-grasshopper-animated-3d-asset/source/PC_GrassHopper_IDLE_notex.fbx using Guid(9116b6a917b61d144acbf278b9becc89) Importer(815301076,1909f56bfc062723c751e8b465ee728b)  -> (artifact id: '04f211bbea7541dc97d113cff1c9346b') in 0.121582 seconds 
========================================================================
Received Import Request.
  Time since last request: 31.180630 seconds.
  path: Assets/Resources/low-poly-grasshopper-animated-3d-asset/textures/GrassHopper_PC.png
  artifactKey: Guid(7394c73494009394db6e245963d1bf5e) Importer(815301076,1909f56bfc062723c751e8b465ee728b)
Start importing Assets/Resources/low-poly-grasshopper-animated-3d-asset/textures/GrassHopper_PC.png using Guid(7394c73494009394db6e245963d1bf5e) Importer(815301076,1909f56bfc062723c751e8b465ee728b)  -> (artifact id: 'cc1983be763a5f4e321f2a97370bb5c6') in 0.238828 seconds 
========================================================================
Received Import Request.
  Time since last request: 0.000046 seconds.
  path: Assets/Resources/low-poly-grasshopper-animated-3d-asset/textures/GrassHopper_PC_Textures_Spec.jpg
  artifactKey: Guid(73e8c606312d70a408de95a17df452d0) Importer(815301076,1909f56bfc062723c751e8b465ee728b)
Start importing Assets/Resources/low-poly-grasshopper-animated-3d-asset/textures/GrassHopper_PC_Textures_Spec.jpg using Guid(73e8c606312d70a408de95a17df452d0) Importer(815301076,1909f56bfc062723c751e8b465ee728b)  -> (artifact id: '94cdc5ae7003092b35ed990174e55f8c') in 0.133937 seconds 
========================================================================
Received Import Request.
  Time since last request: 17.266041 seconds.
  path: Assets/Resources/low-poly-grasshopper-animated-3d-asset/Materials/GrassHopper_PC.mat
  artifactKey: Guid(048f19ab9ee86c34f94d4eb6b9380774) Importer(815301076,1909f56bfc062723c751e8b465ee728b)
Start importing Assets/Resources/low-poly-grasshopper-animated-3d-asset/Materials/GrassHopper_PC.mat using Guid(048f19ab9ee86c34f94d4eb6b9380774) Importer(815301076,1909f56bfc062723c751e8b465ee728b)  -> (artifact id: '817a01c5946ccca4b6d406d92637cfdb') in 0.170367 seconds 
========================================================================
Received Import Request.
  Time since last request: 518.315788 seconds.
  path: Assets/Import/Model_47A_-_Loggerhead_Sea_Turtle
  artifactKey: Guid(95d236e9c1fd9df4186a3a39747ec0e5) Importer(815301076,1909f56bfc062723c751e8b465ee728b)
Start importing Assets/Import/Model_47A_-_Loggerhead_Sea_Turtle using Guid(95d236e9c1fd9df4186a3a39747ec0e5) Importer(815301076,1909f56bfc062723c751e8b465ee728b)  -> (artifact id: '769b1450b4182687ba1fb1d14dfae857') in 0.022380 seconds 
========================================================================
Received Import Request.
  Time since last request: 0.552985 seconds.
  path: Assets/Import/Model_47A_-_Loggerhead_Sea_Turtle/Model_47A_-_Loggerhead_Sea_Turtle.prefab
  artifactKey: Guid(1c1fae648db30044a9d001fae3e242f2) Importer(815301076,1909f56bfc062723c751e8b465ee728b)
Start importing Assets/Import/Model_47A_-_Loggerhead_Sea_Turtle/Model_47A_-_Loggerhead_Sea_Turtle.prefab using Guid(1c1fae648db30044a9d001fae3e242f2) Importer(815301076,1909f56bfc062723c751e8b465ee728b)  -> (artifact id: '90a5f0ad3544fa98af6ba3742e4fa077') in 1.631616 seconds 
========================================================================
Received Import Request.
  Time since last request: 21.070110 seconds.
  path: Assets/Import/Model_47A_-_Loggerhead_Sea_Turtle/animations
  artifactKey: Guid(23f4d09d49a37b74fb8f41eb7619862f) Importer(815301076,1909f56bfc062723c751e8b465ee728b)
Start importing Assets/Import/Model_47A_-_Loggerhead_Sea_Turtle/animations using Guid(23f4d09d49a37b74fb8f41eb7619862f) Importer(815301076,1909f56bfc062723c751e8b465ee728b)  -> (artifact id: '4eb6395f8dbf5b0c2806e5bd15a812f2') in 0.009040 seconds 
========================================================================
Received Import Request.
  Time since last request: 32.172750 seconds.
  path: Assets/Import/Model_47A_-_Loggerhead_Sea_Turtle/animations/Model_47A_-_Loggerhead_Sea_Turtle.controller
  artifactKey: Guid(d45a4f5013e705a438285ad536549934) Importer(815301076,1909f56bfc062723c751e8b465ee728b)
Start importing Assets/Import/Model_47A_-_Loggerhead_Sea_Turtle/animations/Model_47A_-_Loggerhead_Sea_Turtle.controller using Guid(d45a4f5013e705a438285ad536549934) Importer(815301076,1909f56bfc062723c751e8b465ee728b)  -> (artifact id: '062cf68b8211dd5bb4748487e89edf85') in 0.033773 seconds 
========================================================================
Received Import Request.
  Time since last request: 1.487528 seconds.
  path: Assets/Import/Model_47A_-_Loggerhead_Sea_Turtle/animations/Action.anim
  artifactKey: Guid(298c8b9be907617449027c69a4b31fb8) Importer(815301076,1909f56bfc062723c751e8b465ee728b)
Start importing Assets/Import/Model_47A_-_Loggerhead_Sea_Turtle/animations/Action.anim using Guid(298c8b9be907617449027c69a4b31fb8) Importer(815301076,1909f56bfc062723c751e8b465ee728b)  -> (artifact id: 'b92c2a4114a878cafcc4083bd0f6a3b4') in 0.492769 seconds 
========================================================================
Received Prepare
Registering precompiled user dll's ...
Registered in 0.009678 seconds.
Begin MonoManager ReloadAssembly
Symbol file LoadedFromMemory doesn't match image C:\Users\shrey\My project\Library\PackageCache\com.unity.visualscripting@1.8.0\Editor\VisualScripting.Core\Dependencies\YamlDotNet\Unity.VisualScripting.YamlDotNet.dll
Symbol file LoadedFromMemory doesn't match image C:\Users\shrey\My project\Library\PackageCache\com.unity.visualscripting@1.8.0\Editor\VisualScripting.Core\Dependencies\DotNetZip\Unity.VisualScripting.IonicZip.dll
Native extension for WindowsStandalone target not found
Native extension for Android target not found
Refreshing native plugins compatible for Editor in 1.15 ms, found 6 plugins.
Preloading 2 native plugins for Editor in 0.37 ms.
Mono: successfully reloaded assembly
- Completed reload, in  1.438 seconds
Domain Reload Profiling:
	ReloadAssembly (1439ms)
		BeginReloadAssembly (330ms)
			ExecutionOrderSort (0ms)
			DisableScriptedObjects (13ms)
			BackupInstance (0ms)
			ReleaseScriptingObjects (0ms)
			CreateAndSetChildDomain (151ms)
		EndReloadAssembly (1003ms)
			LoadAssemblies (138ms)
			RebuildTransferFunctionScriptingTraits (0ms)
			SetupTypeCache (401ms)
			ReleaseScriptCaches (2ms)
			RebuildScriptCaches (52ms)
			SetupLoadedEditorAssemblies (363ms)
				LogAssemblyErrors (0ms)
				InitializePlatformSupportModulesInManaged (22ms)
				SetLoadedEditorAssemblies (1ms)
				RefreshPlugins (2ms)
				BeforeProcessingInitializeOnLoad (81ms)
				ProcessInitializeOnLoadAttributes (229ms)
				ProcessInitializeOnLoadMethodAttributes (23ms)
				AfterProcessingInitializeOnLoad (6ms)
				EditorAssembliesLoaded (0ms)
			ExecutionOrderSort2 (0ms)
			AwakeInstancesAfterBackupRestoration (7ms)
Platform modules already initialized, skipping
Refreshing native plugins compatible for Editor in 6.55 ms, found 6 plugins.
Preloading 2 native plugins for Editor in 0.15 ms.
Unloading 3091 Unused Serialized files (Serialized files now loaded: 0)
Unloading 44 unused Assets / (90.6 KB). Loaded Objects now: 3950.
Memory consumption went from 131.9 MB to 131.8 MB.
Total: 4.518400 ms (FindLiveObjects: 0.414600 ms CreateObjectMapping: 0.131700 ms MarkObjects: 3.820800 ms  DeleteObjects: 0.149200 ms)

AssetImportParameters requested are different than current active one (requested -> active):
  custom:video-decoder-ogg-theora: a1e56fd34408186e4bbccfd4996cb3dc -> 
  custom:container-muxer-webm: aa71ff27fc2769a1b78a27578f13a17b -> 
  custom:container-demuxer-webm: 4f35f7cbe854078d1ac9338744f61a02 -> 
  custom:video-encoder-webm-vp8: eb34c28f22e8b96e1ab97ce403110664 -> 
  custom:video-codec-MediaFoundation-h265: 746d11721c4dcdbdad8f713fa42b33f4 -> 
  custom:audio-encoder-webm-vorbis: bf7c407c2cedff20999df2af8eb42d56 -> 
  custom:framework-win-MediaFoundation: 216162199b28c13a410421893ffa2e32 -> 
  custom:container-demuxer-ogg: 62fdf1f143b41e24485cea50d1cbac27 -> 
  custom:video-decoder-webm-vp8: 9c59270c3fd7afecdb556c50c9e8de78 -> 
  custom:audio-decoder-ogg-vorbis: bf7c407c2cedff20999df2af8eb42d56 -> 
========================================================================
Received Prepare
Registering precompiled user dll's ...
Registered in 0.010097 seconds.
Begin MonoManager ReloadAssembly
Symbol file LoadedFromMemory doesn't match image C:\Users\shrey\My project\Library\PackageCache\com.unity.visualscripting@1.8.0\Editor\VisualScripting.Core\Dependencies\YamlDotNet\Unity.VisualScripting.YamlDotNet.dll
Symbol file LoadedFromMemory doesn't match image C:\Users\shrey\My project\Library\PackageCache\com.unity.visualscripting@1.8.0\Editor\VisualScripting.Core\Dependencies\DotNetZip\Unity.VisualScripting.IonicZip.dll
Native extension for WindowsStandalone target not found
Native extension for Android target not found
Refreshing native plugins compatible for Editor in 0.51 ms, found 6 plugins.
Preloading 2 native plugins for Editor in 0.13 ms.
Mono: successfully reloaded assembly
- Completed reload, in  0.778 seconds
Domain Reload Profiling:
	ReloadAssembly (778ms)
		BeginReloadAssembly (113ms)
			ExecutionOrderSort (0ms)
			DisableScriptedObjects (4ms)
			BackupInstance (0ms)
			ReleaseScriptingObjects (0ms)
			CreateAndSetChildDomain (25ms)
		EndReloadAssembly (579ms)
			LoadAssemblies (77ms)
			RebuildTransferFunctionScriptingTraits (0ms)
			SetupTypeCache (237ms)
			ReleaseScriptCaches (1ms)
			RebuildScriptCaches (39ms)
			SetupLoadedEditorAssemblies (205ms)
				LogAssemblyErrors (0ms)
				InitializePlatformSupportModulesInManaged (12ms)
				SetLoadedEditorAssemblies (1ms)
				RefreshPlugins (1ms)
				BeforeProcessingInitializeOnLoad (43ms)
				ProcessInitializeOnLoadAttributes (130ms)
				ProcessInitializeOnLoadMethodAttributes (13ms)
				AfterProcessingInitializeOnLoad (5ms)
				EditorAssembliesLoaded (0ms)
			ExecutionOrderSort2 (0ms)
			AwakeInstancesAfterBackupRestoration (5ms)
Platform modules already initialized, skipping
Refreshing native plugins compatible for Editor in 4.14 ms, found 6 plugins.
Preloading 2 native plugins for Editor in 0.08 ms.
Unloading 3091 Unused Serialized files (Serialized files now loaded: 0)
Unloading 44 unused Assets / (90.8 KB). Loaded Objects now: 3953.
Memory consumption went from 131.9 MB to 131.8 MB.
Total: 2.405400 ms (FindLiveObjects: 0.180800 ms CreateObjectMapping: 0.080700 ms MarkObjects: 2.057400 ms  DeleteObjects: 0.085600 ms)

AssetImportParameters requested are different than current active one (requested -> active):
  custom:video-decoder-ogg-theora: a1e56fd34408186e4bbccfd4996cb3dc -> 
  custom:container-muxer-webm: aa71ff27fc2769a1b78a27578f13a17b -> 
  custom:container-demuxer-webm: 4f35f7cbe854078d1ac9338744f61a02 -> 
  custom:video-encoder-webm-vp8: eb34c28f22e8b96e1ab97ce403110664 -> 
  custom:video-codec-MediaFoundation-h265: 746d11721c4dcdbdad8f713fa42b33f4 -> 
  custom:audio-encoder-webm-vorbis: bf7c407c2cedff20999df2af8eb42d56 -> 
  custom:framework-win-MediaFoundation: 216162199b28c13a410421893ffa2e32 -> 
  custom:container-demuxer-ogg: 62fdf1f143b41e24485cea50d1cbac27 -> 
  custom:video-decoder-webm-vp8: 9c59270c3fd7afecdb556c50c9e8de78 -> 
  custom:audio-decoder-ogg-vorbis: bf7c407c2cedff20999df2af8eb42d56 -> 
========================================================================
Received Prepare
Refreshing native plugins compatible for Editor in 805.26 ms, found 6 plugins.
Preloading 2 native plugins for Editor in 0.35 ms.
Unloading 45 Unused Serialized files (Serialized files now loaded: 0)
Unloading 44 unused Assets / (88.1 KB). Loaded Objects now: 3954.
Memory consumption went from 70.9 MB to 70.9 MB.
Total: 21.840200 ms (FindLiveObjects: 4.307900 ms CreateObjectMapping: 2.320900 ms MarkObjects: 14.938800 ms  DeleteObjects: 0.267500 ms)

AssetImportParameters requested are different than current active one (requested -> active):
  custom:video-decoder-ogg-theora: a1e56fd34408186e4bbccfd4996cb3dc -> 
  custom:container-muxer-webm: aa71ff27fc2769a1b78a27578f13a17b -> 
  custom:container-demuxer-webm: 4f35f7cbe854078d1ac9338744f61a02 -> 
  custom:video-encoder-webm-vp8: eb34c28f22e8b96e1ab97ce403110664 -> 
  custom:video-codec-MediaFoundation-h265: 746d11721c4dcdbdad8f713fa42b33f4 -> 
  custom:audio-encoder-webm-vorbis: bf7c407c2cedff20999df2af8eb42d56 -> 
  custom:framework-win-MediaFoundation: 216162199b28c13a410421893ffa2e32 -> 
  custom:container-demuxer-ogg: 62fdf1f143b41e24485cea50d1cbac27 -> 
  custom:video-decoder-webm-vp8: 9c59270c3fd7afecdb556c50c9e8de78 -> 
  custom:audio-decoder-ogg-vorbis: bf7c407c2cedff20999df2af8eb42d56 -> 
========================================================================
Received Prepare
Registering precompiled user dll's ...
Registered in 0.042363 seconds.
Begin MonoManager ReloadAssembly
Symbol file LoadedFromMemory doesn't match image C:\Users\shrey\My project\Library\PackageCache\com.unity.visualscripting@1.8.0\Editor\VisualScripting.Core\Dependencies\YamlDotNet\Unity.VisualScripting.YamlDotNet.dll
Symbol file LoadedFromMemory doesn't match image C:\Users\shrey\My project\Library\PackageCache\com.unity.visualscripting@1.8.0\Editor\VisualScripting.Core\Dependencies\DotNetZip\Unity.VisualScripting.IonicZip.dll
Native extension for WindowsStandalone target not found
Native extension for Android target not found
Refreshing native plugins compatible for Editor in 0.66 ms, found 6 plugins.
Preloading 2 native plugins for Editor in 0.17 ms.
Mono: successfully reloaded assembly
- Completed reload, in  1.238 seconds
Domain Reload Profiling:
	ReloadAssembly (1240ms)
		BeginReloadAssembly (264ms)
			ExecutionOrderSort (0ms)
			DisableScriptedObjects (9ms)
			BackupInstance (0ms)
			ReleaseScriptingObjects (0ms)
			CreateAndSetChildDomain (50ms)
		EndReloadAssembly (787ms)
			LoadAssemblies (175ms)
			RebuildTransferFunctionScriptingTraits (0ms)
			SetupTypeCache (282ms)
			ReleaseScriptCaches (1ms)
			RebuildScriptCaches (42ms)
			SetupLoadedEditorAssemblies (323ms)
				LogAssemblyErrors (0ms)
				InitializePlatformSupportModulesInManaged (18ms)
				SetLoadedEditorAssemblies (0ms)
				RefreshPlugins (1ms)
				BeforeProcessingInitializeOnLoad (63ms)
				ProcessInitializeOnLoadAttributes (207ms)
				ProcessInitializeOnLoadMethodAttributes (24ms)
				AfterProcessingInitializeOnLoad (9ms)
				EditorAssembliesLoaded (0ms)
			ExecutionOrderSort2 (0ms)
			AwakeInstancesAfterBackupRestoration (8ms)
Platform modules already initialized, skipping
Refreshing native plugins compatible for Editor in 5.86 ms, found 6 plugins.
Preloading 2 native plugins for Editor in 0.10 ms.
Unloading 3091 Unused Serialized files (Serialized files now loaded: 0)
Unloading 45 unused Assets / (90.7 KB). Loaded Objects now: 3956.
Memory consumption went from 131.9 MB to 131.8 MB.
Total: 2.875400 ms (FindLiveObjects: 0.196100 ms CreateObjectMapping: 0.084200 ms MarkObjects: 2.408400 ms  DeleteObjects: 0.185600 ms)

AssetImportParameters requested are different than current active one (requested -> active):
  custom:video-decoder-ogg-theora: a1e56fd34408186e4bbccfd4996cb3dc -> 
  custom:container-muxer-webm: aa71ff27fc2769a1b78a27578f13a17b -> 
  custom:container-demuxer-webm: 4f35f7cbe854078d1ac9338744f61a02 -> 
  custom:video-encoder-webm-vp8: eb34c28f22e8b96e1ab97ce403110664 -> 
  custom:video-codec-MediaFoundation-h265: 746d11721c4dcdbdad8f713fa42b33f4 -> 
  custom:audio-encoder-webm-vorbis: bf7c407c2cedff20999df2af8eb42d56 -> 
  custom:framework-win-MediaFoundation: 216162199b28c13a410421893ffa2e32 -> 
  custom:container-demuxer-ogg: 62fdf1f143b41e24485cea50d1cbac27 -> 
  custom:video-decoder-webm-vp8: 9c59270c3fd7afecdb556c50c9e8de78 -> 
  custom:audio-decoder-ogg-vorbis: bf7c407c2cedff20999df2af8eb42d56 -> 
